\BOOKMARK [0][-]{chapter.1}{Einleitung}{}% 1
\BOOKMARK [1][-]{section.1.1}{Motivation}{chapter.1}% 2
\BOOKMARK [1][-]{section.1.2}{Aufbau der Arbeit}{chapter.1}% 3
\BOOKMARK [0][-]{chapter.2}{Theoretische Grundlagen}{}% 4
\BOOKMARK [1][-]{section.2.1}{\(Web\)Grundlagen}{chapter.2}% 5
\BOOKMARK [1][-]{section.2.2}{M\366gliche Frameworks / Multi Plattform}{chapter.2}% 6
\BOOKMARK [2][-]{subsection.2.2.1}{M\366glichkeiten der Anwendungsentwicklung}{section.2.2}% 7
\BOOKMARK [3][-]{section*.2}{Plattformspezifische Entwicklung}{subsection.2.2.1}% 8
\BOOKMARK [3][-]{section*.3}{Cross Plattform Entwicklung}{subsection.2.2.1}% 9
\BOOKMARK [3][-]{section*.4}{Die Technologie: Nativ, Web oder Hybrid?}{subsection.2.2.1}% 10
\BOOKMARK [2][-]{subsection.2.2.2}{Desktop}{section.2.2}% 11
\BOOKMARK [2][-]{subsection.2.2.3}{Mobile Anwendung}{section.2.2}% 12
\BOOKMARK [0][-]{chapter.3}{Implementierung}{}% 13
\BOOKMARK [1][-]{section.3.1}{Entwurf}{chapter.3}% 14
\BOOKMARK [2][-]{subsection.3.1.1}{Architekturentwurf}{section.3.1}% 15
\BOOKMARK [1][-]{section.3.2}{Implementierung}{chapter.3}% 16
\BOOKMARK [2][-]{subsection.3.2.1}{Therapeuten Client}{section.3.2}% 17
\BOOKMARK [2][-]{subsection.3.2.2}{Patienten App}{section.3.2}% 18
\BOOKMARK [0][-]{chapter.4}{Anwendungsf\344lle}{}% 19
\BOOKMARK [1][-]{section.4.1}{Kontrollmechanismen}{chapter.4}% 20
\BOOKMARK [2][-]{subsection.4.1.1}{Weitere denkbare Kontrollen}{section.4.1}% 21
\BOOKMARK [1][-]{section.4.2}{Feedbackb\366gen und Auswertung}{chapter.4}% 22
\BOOKMARK [0][-]{chapter.5}{Zusammenfassung und Ausblick}{}% 23
\BOOKMARK [1][-]{subsection.5.0.1}{Zusammenfassung}{chapter.5}% 24
\BOOKMARK [2][-]{subsection.5.0.2}{Ausblick}{subsection.5.0.1}% 25
\BOOKMARK [0][-]{subsection.5.0.2}{Literaturverzeichnis}{}% 26
