This is pdfTeX, Version 3.1415926-2.4-1.40.13 (MiKTeX 2.9 64-bit) (preloaded format=pdftex 2015.4.29)  29 APR 2015 12:07
entering extended mode
**E:/Universität/Bachelorarbeit/Ausarbeitung/bibliography.bib
(E:/Universität/Bachelorarbeit/Ausarbeitung/bibliography.bib)
*\help
! Undefined control sequence.
<*> \help
         
? help
The control sequence at the end of the top line
of your error message was never \def'ed. If you have
misspelled it (e.g., `\hobx'), type `I' and the correct
spelling (e.g., `I\hbox'). Otherwise just continue,
and I'll forget about whatever was undefined.

? end
Type <return> to proceed, S to scroll future error messages,
R to run without stopping, Q to run quietly,
I to insert something, 
1 or ... or 9 to ignore the next 1 to 9 tokens of input,
H for help, X to quit.
? \end
Type <return> to proceed, S to scroll future error messages,
R to run without stopping, Q to run quietly,
I to insert something, 
1 or ... or 9 to ignore the next 1 to 9 tokens of input,
H for help, X to quit.
? 
! Emergency stop.
<*> \help
         
End of file on the terminal!

!  ==> Fatal error occurred, no output PDF file produced!
